2022-11-15 12:36:10,645 - sync_logger - INFO - Starting sync...
2022-11-15 12:36:10,645 - sync_logger - INFO - Connecting to database...
2022-11-15 12:36:10,668 - sync_logger - INFO - Updating field 'was_in_last_sync' for all matches in database...
2022-11-15 12:36:10,671 - sync_logger - INFO - Retrieving all upcoming matches from API and create or updating them in the database...
2022-11-15 12:36:22,561 - sync_logger - INFO - Retrieving all returned players from API and create or updating them in the database...
2022-11-15 12:36:24,254 - sync_logger - ERROR - Error has occured: syntax error at or near "Sullivan"
LINE 1: ..., amount_of_maximums, api_id) VALUES('Ronnie', 'O'Sullivan',...
                                                             ^

2022-11-15 12:37:54,017 - sync_logger - INFO - Starting sync...
2022-11-15 12:37:54,017 - sync_logger - INFO - Connecting to database...
2022-11-15 12:37:54,041 - sync_logger - INFO - Updating field 'was_in_last_sync' for all matches in database...
2022-11-15 12:37:54,043 - sync_logger - INFO - Retrieving all upcoming matches from API and create or updating them in the database...
2022-11-15 12:38:03,417 - sync_logger - INFO - Retrieving all returned players from API and create or updating them in the database...
2022-11-15 12:38:04,712 - sync_logger - ERROR - Error has occured: syntax error at or near "Sullivan"
LINE 1: ..., amount_of_maximums, api_id) VALUES('Ronnie', 'O'Sullivan',...
                                                             ^

2022-11-15 12:39:23,512 - sync_logger - INFO - Starting sync...
2022-11-15 12:39:23,512 - sync_logger - INFO - Connecting to database...
2022-11-15 12:39:23,536 - sync_logger - INFO - Updating field 'was_in_last_sync' for all matches in database...
2022-11-15 12:39:53,436 - sync_logger - INFO - Starting sync...
2022-11-15 12:39:53,437 - sync_logger - INFO - Connecting to database...
2022-11-15 12:39:53,461 - sync_logger - INFO - Updating field 'was_in_last_sync' for all matches in database...
2022-11-15 12:39:53,467 - sync_logger - INFO - Retrieving all upcoming matches from API and create or updating them in the database...
2022-11-15 12:40:01,692 - sync_logger - ERROR - Error has occured: syntax error at or near "2022"
LINE 1: UPDATE matches SET scheduled_date = ''2022-11-15 13:00:00'',...
                                              ^

2022-11-15 12:40:49,759 - sync_logger - INFO - Starting sync...
2022-11-15 12:40:49,759 - sync_logger - INFO - Connecting to database...
2022-11-15 12:40:49,782 - sync_logger - INFO - Updating field 'was_in_last_sync' for all matches in database...
2022-11-15 12:40:49,786 - sync_logger - INFO - Retrieving all upcoming matches from API and create or updating them in the database...
2022-11-15 12:40:57,782 - sync_logger - INFO - Retrieving all returned players from API and create or updating them in the database...
2022-11-15 12:40:59,330 - sync_logger - ERROR - Error has occured: syntax error at or near "Sullivan"
LINE 1: ..., amount_of_maximums, api_id) VALUES('Ronnie', 'O'Sullivan',...
                                                             ^

2022-11-15 12:42:01,938 - sync_logger - INFO - Starting sync...
2022-11-15 12:42:01,938 - sync_logger - INFO - Connecting to database...
2022-11-15 12:42:01,963 - sync_logger - INFO - Updating field 'was_in_last_sync' for all matches in database...
2022-11-15 12:42:01,967 - sync_logger - INFO - Retrieving all upcoming matches from API and create or updating them in the database...
2022-11-15 12:42:11,952 - sync_logger - INFO - Retrieving all returned players from API and create or updating them in the database...
2022-11-15 12:42:41,040 - sync_logger - INFO - Starting sync...
2022-11-15 12:42:41,040 - sync_logger - INFO - Connecting to database...
2022-11-15 12:42:41,064 - sync_logger - INFO - Updating field 'was_in_last_sync' for all matches in database...
2022-11-15 12:42:41,067 - sync_logger - INFO - Retrieving all upcoming matches from API and create or updating them in the database...
2022-11-15 12:42:50,989 - sync_logger - INFO - Retrieving all returned players from API and create or updating them in the database...
2022-11-15 12:44:06,804 - sync_logger - INFO - Retrieving all returned events from API and create or updating them in the database...
